{"/Users/jefflueck/Desktop/Springboard/Software_Engineer_Class/DSA-Exercises/dsa-arrays-linked-lists/linked-list.js": {"path":"/Users/jefflueck/Desktop/Springboard/Software_Engineer_Class/DSA-Exercises/dsa-arrays-linked-lists/linked-list.js","statementMap":{"0":{"start":{"line":5,"column":4},"end":{"line":5,"column":19}},"1":{"start":{"line":6,"column":4},"end":{"line":6,"column":21}},"2":{"start":{"line":14,"column":4},"end":{"line":14,"column":21}},"3":{"start":{"line":15,"column":4},"end":{"line":15,"column":21}},"4":{"start":{"line":16,"column":4},"end":{"line":16,"column":20}},"5":{"start":{"line":18,"column":4},"end":{"line":18,"column":41}},"6":{"start":{"line":18,"column":26},"end":{"line":18,"column":41}},"7":{"start":{"line":23,"column":18},"end":{"line":23,"column":27}},"8":{"start":{"line":24,"column":18},"end":{"line":24,"column":19}},"9":{"start":{"line":26,"column":4},"end":{"line":29,"column":5}},"10":{"start":{"line":27,"column":6},"end":{"line":27,"column":29}},"11":{"start":{"line":28,"column":6},"end":{"line":28,"column":19}},"12":{"start":{"line":30,"column":4},"end":{"line":30,"column":19}},"13":{"start":{"line":36,"column":18},"end":{"line":36,"column":31}},"14":{"start":{"line":37,"column":4},"end":{"line":43,"column":5}},"15":{"start":{"line":38,"column":6},"end":{"line":38,"column":26}},"16":{"start":{"line":39,"column":6},"end":{"line":39,"column":26}},"17":{"start":{"line":41,"column":6},"end":{"line":41,"column":31}},"18":{"start":{"line":42,"column":6},"end":{"line":42,"column":26}},"19":{"start":{"line":44,"column":4},"end":{"line":44,"column":18}},"20":{"start":{"line":45,"column":4},"end":{"line":45,"column":16}},"21":{"start":{"line":51,"column":18},"end":{"line":51,"column":31}},"22":{"start":{"line":52,"column":4},"end":{"line":58,"column":5}},"23":{"start":{"line":53,"column":6},"end":{"line":53,"column":26}},"24":{"start":{"line":54,"column":6},"end":{"line":54,"column":26}},"25":{"start":{"line":56,"column":6},"end":{"line":56,"column":31}},"26":{"start":{"line":57,"column":6},"end":{"line":57,"column":26}},"27":{"start":{"line":59,"column":4},"end":{"line":59,"column":18}},"28":{"start":{"line":60,"column":4},"end":{"line":60,"column":16}},"29":{"start":{"line":66,"column":4},"end":{"line":66,"column":44}},"30":{"start":{"line":66,"column":27},"end":{"line":66,"column":44}},"31":{"start":{"line":67,"column":18},"end":{"line":67,"column":27}},"32":{"start":{"line":68,"column":18},"end":{"line":68,"column":25}},"33":{"start":{"line":69,"column":4},"end":{"line":72,"column":5}},"34":{"start":{"line":70,"column":6},"end":{"line":70,"column":24}},"35":{"start":{"line":71,"column":6},"end":{"line":71,"column":29}},"36":{"start":{"line":73,"column":4},"end":{"line":73,"column":24}},"37":{"start":{"line":74,"column":4},"end":{"line":74,"column":26}},"38":{"start":{"line":75,"column":4},"end":{"line":75,"column":18}},"39":{"start":{"line":76,"column":4},"end":{"line":79,"column":5}},"40":{"start":{"line":77,"column":6},"end":{"line":77,"column":23}},"41":{"start":{"line":78,"column":6},"end":{"line":78,"column":23}},"42":{"start":{"line":80,"column":4},"end":{"line":80,"column":23}},"43":{"start":{"line":86,"column":4},"end":{"line":86,"column":44}},"44":{"start":{"line":86,"column":27},"end":{"line":86,"column":44}},"45":{"start":{"line":87,"column":18},"end":{"line":87,"column":27}},"46":{"start":{"line":88,"column":4},"end":{"line":88,"column":29}},"47":{"start":{"line":89,"column":4},"end":{"line":89,"column":18}},"48":{"start":{"line":90,"column":4},"end":{"line":92,"column":5}},"49":{"start":{"line":91,"column":6},"end":{"line":91,"column":23}},"50":{"start":{"line":93,"column":4},"end":{"line":93,"column":23}},"51":{"start":{"line":99,"column":4},"end":{"line":99,"column":51}},"52":{"start":{"line":99,"column":39},"end":{"line":99,"column":51}},"53":{"start":{"line":100,"column":18},"end":{"line":100,"column":19}},"54":{"start":{"line":101,"column":18},"end":{"line":101,"column":27}},"55":{"start":{"line":102,"column":4},"end":{"line":110,"column":5}},"56":{"start":{"line":103,"column":6},"end":{"line":103,"column":25}},"57":{"start":{"line":105,"column":6},"end":{"line":108,"column":7}},"58":{"start":{"line":106,"column":8},"end":{"line":106,"column":31}},"59":{"start":{"line":107,"column":8},"end":{"line":107,"column":18}},"60":{"start":{"line":109,"column":6},"end":{"line":109,"column":25}},"61":{"start":{"line":129,"column":20},"end":{"line":129,"column":34}},"62":{"start":{"line":130,"column":4},"end":{"line":133,"column":5}},"63":{"start":{"line":131,"column":6},"end":{"line":131,"column":26}},"64":{"start":{"line":132,"column":6},"end":{"line":132,"column":17}},"65":{"start":{"line":134,"column":4},"end":{"line":134,"column":16}},"66":{"start":{"line":140,"column":4},"end":{"line":140,"column":51}},"67":{"start":{"line":140,"column":38},"end":{"line":140,"column":51}},"68":{"start":{"line":141,"column":4},"end":{"line":141,"column":44}},"69":{"start":{"line":141,"column":19},"end":{"line":141,"column":44}},"70":{"start":{"line":142,"column":4},"end":{"line":142,"column":51}},"71":{"start":{"line":142,"column":29},"end":{"line":142,"column":51}},"72":{"start":{"line":144,"column":19},"end":{"line":144,"column":37}},"73":{"start":{"line":145,"column":18},"end":{"line":145,"column":31}},"74":{"start":{"line":147,"column":15},"end":{"line":147,"column":28}},"75":{"start":{"line":148,"column":4},"end":{"line":148,"column":28}},"76":{"start":{"line":149,"column":4},"end":{"line":149,"column":24}},"77":{"start":{"line":150,"column":4},"end":{"line":150,"column":18}},"78":{"start":{"line":156,"column":4},"end":{"line":156,"column":51}},"79":{"start":{"line":156,"column":39},"end":{"line":156,"column":51}},"80":{"start":{"line":157,"column":4},"end":{"line":157,"column":39}},"81":{"start":{"line":157,"column":19},"end":{"line":157,"column":39}},"82":{"start":{"line":158,"column":4},"end":{"line":158,"column":51}},"83":{"start":{"line":158,"column":33},"end":{"line":158,"column":51}},"84":{"start":{"line":160,"column":19},"end":{"line":160,"column":37}},"85":{"start":{"line":161,"column":18},"end":{"line":161,"column":31}},"86":{"start":{"line":162,"column":4},"end":{"line":162,"column":33}},"87":{"start":{"line":163,"column":4},"end":{"line":163,"column":18}},"88":{"start":{"line":164,"column":4},"end":{"line":164,"column":23}},"89":{"start":{"line":170,"column":18},"end":{"line":170,"column":27}},"90":{"start":{"line":171,"column":14},"end":{"line":171,"column":15}},"91":{"start":{"line":172,"column":18},"end":{"line":172,"column":19}},"92":{"start":{"line":173,"column":4},"end":{"line":173,"column":27}},"93":{"start":{"line":173,"column":18},"end":{"line":173,"column":27}},"94":{"start":{"line":174,"column":4},"end":{"line":178,"column":5}},"95":{"start":{"line":175,"column":6},"end":{"line":175,"column":25}},"96":{"start":{"line":176,"column":6},"end":{"line":176,"column":16}},"97":{"start":{"line":177,"column":6},"end":{"line":177,"column":29}},"98":{"start":{"line":179,"column":4},"end":{"line":179,"column":25}},"99":{"start":{"line":183,"column":0},"end":{"line":183,"column":28}}},"fnMap":{"0":{"name":"(anonymous_0)","decl":{"start":{"line":4,"column":2},"end":{"line":4,"column":3}},"loc":{"start":{"line":4,"column":19},"end":{"line":7,"column":3}},"line":4},"1":{"name":"(anonymous_1)","decl":{"start":{"line":13,"column":2},"end":{"line":13,"column":3}},"loc":{"start":{"line":13,"column":25},"end":{"line":19,"column":3}},"line":13},"2":{"name":"(anonymous_2)","decl":{"start":{"line":22,"column":2},"end":{"line":22,"column":3}},"loc":{"start":{"line":22,"column":12},"end":{"line":31,"column":3}},"line":22},"3":{"name":"(anonymous_3)","decl":{"start":{"line":35,"column":2},"end":{"line":35,"column":3}},"loc":{"start":{"line":35,"column":12},"end":{"line":46,"column":3}},"line":35},"4":{"name":"(anonymous_4)","decl":{"start":{"line":50,"column":2},"end":{"line":50,"column":3}},"loc":{"start":{"line":50,"column":15},"end":{"line":61,"column":3}},"line":50},"5":{"name":"(anonymous_5)","decl":{"start":{"line":65,"column":2},"end":{"line":65,"column":3}},"loc":{"start":{"line":65,"column":8},"end":{"line":81,"column":3}},"line":65},"6":{"name":"(anonymous_6)","decl":{"start":{"line":85,"column":2},"end":{"line":85,"column":3}},"loc":{"start":{"line":85,"column":10},"end":{"line":94,"column":3}},"line":85},"7":{"name":"(anonymous_7)","decl":{"start":{"line":98,"column":2},"end":{"line":98,"column":3}},"loc":{"start":{"line":98,"column":13},"end":{"line":111,"column":3}},"line":98},"8":{"name":"(anonymous_8)","decl":{"start":{"line":115,"column":2},"end":{"line":115,"column":3}},"loc":{"start":{"line":115,"column":18},"end":{"line":135,"column":3}},"line":115},"9":{"name":"(anonymous_9)","decl":{"start":{"line":139,"column":2},"end":{"line":139,"column":3}},"loc":{"start":{"line":139,"column":21},"end":{"line":151,"column":3}},"line":139},"10":{"name":"(anonymous_10)","decl":{"start":{"line":155,"column":2},"end":{"line":155,"column":3}},"loc":{"start":{"line":155,"column":16},"end":{"line":165,"column":3}},"line":155},"11":{"name":"(anonymous_11)","decl":{"start":{"line":169,"column":2},"end":{"line":169,"column":3}},"loc":{"start":{"line":169,"column":12},"end":{"line":180,"column":3}},"line":169}},"branchMap":{"0":{"loc":{"start":{"line":13,"column":14},"end":{"line":13,"column":23}},"type":"default-arg","locations":[{"start":{"line":13,"column":21},"end":{"line":13,"column":23}}],"line":13},"1":{"loc":{"start":{"line":26,"column":11},"end":{"line":26,"column":45}},"type":"binary-expr","locations":[{"start":{"line":26,"column":11},"end":{"line":26,"column":27}},{"start":{"line":26,"column":31},"end":{"line":26,"column":45}}],"line":26},"2":{"loc":{"start":{"line":37,"column":4},"end":{"line":43,"column":5}},"type":"if","locations":[{"start":{"line":37,"column":4},"end":{"line":43,"column":5}},{"start":{"line":37,"column":4},"end":{"line":43,"column":5}}],"line":37},"3":{"loc":{"start":{"line":52,"column":4},"end":{"line":58,"column":5}},"type":"if","locations":[{"start":{"line":52,"column":4},"end":{"line":58,"column":5}},{"start":{"line":52,"column":4},"end":{"line":58,"column":5}}],"line":52},"4":{"loc":{"start":{"line":66,"column":4},"end":{"line":66,"column":44}},"type":"if","locations":[{"start":{"line":66,"column":4},"end":{"line":66,"column":44}},{"start":{"line":66,"column":4},"end":{"line":66,"column":44}}],"line":66},"5":{"loc":{"start":{"line":76,"column":4},"end":{"line":79,"column":5}},"type":"if","locations":[{"start":{"line":76,"column":4},"end":{"line":79,"column":5}},{"start":{"line":76,"column":4},"end":{"line":79,"column":5}}],"line":76},"6":{"loc":{"start":{"line":86,"column":4},"end":{"line":86,"column":44}},"type":"if","locations":[{"start":{"line":86,"column":4},"end":{"line":86,"column":44}},{"start":{"line":86,"column":4},"end":{"line":86,"column":44}}],"line":86},"7":{"loc":{"start":{"line":90,"column":4},"end":{"line":92,"column":5}},"type":"if","locations":[{"start":{"line":90,"column":4},"end":{"line":92,"column":5}},{"start":{"line":90,"column":4},"end":{"line":92,"column":5}}],"line":90},"8":{"loc":{"start":{"line":99,"column":4},"end":{"line":99,"column":51}},"type":"if","locations":[{"start":{"line":99,"column":4},"end":{"line":99,"column":51}},{"start":{"line":99,"column":4},"end":{"line":99,"column":51}}],"line":99},"9":{"loc":{"start":{"line":99,"column":8},"end":{"line":99,"column":37}},"type":"binary-expr","locations":[{"start":{"line":99,"column":8},"end":{"line":99,"column":15}},{"start":{"line":99,"column":19},"end":{"line":99,"column":37}}],"line":99},"10":{"loc":{"start":{"line":102,"column":4},"end":{"line":110,"column":5}},"type":"if","locations":[{"start":{"line":102,"column":4},"end":{"line":110,"column":5}},{"start":{"line":102,"column":4},"end":{"line":110,"column":5}}],"line":102},"11":{"loc":{"start":{"line":130,"column":4},"end":{"line":133,"column":5}},"type":"if","locations":[{"start":{"line":130,"column":4},"end":{"line":133,"column":5}},{"start":{"line":130,"column":4},"end":{"line":133,"column":5}}],"line":130},"12":{"loc":{"start":{"line":140,"column":4},"end":{"line":140,"column":51}},"type":"if","locations":[{"start":{"line":140,"column":4},"end":{"line":140,"column":51}},{"start":{"line":140,"column":4},"end":{"line":140,"column":51}}],"line":140},"13":{"loc":{"start":{"line":140,"column":8},"end":{"line":140,"column":36}},"type":"binary-expr","locations":[{"start":{"line":140,"column":8},"end":{"line":140,"column":15}},{"start":{"line":140,"column":19},"end":{"line":140,"column":36}}],"line":140},"14":{"loc":{"start":{"line":141,"column":4},"end":{"line":141,"column":44}},"type":"if","locations":[{"start":{"line":141,"column":4},"end":{"line":141,"column":44}},{"start":{"line":141,"column":4},"end":{"line":141,"column":44}}],"line":141},"15":{"loc":{"start":{"line":142,"column":4},"end":{"line":142,"column":51}},"type":"if","locations":[{"start":{"line":142,"column":4},"end":{"line":142,"column":51}},{"start":{"line":142,"column":4},"end":{"line":142,"column":51}}],"line":142},"16":{"loc":{"start":{"line":156,"column":4},"end":{"line":156,"column":51}},"type":"if","locations":[{"start":{"line":156,"column":4},"end":{"line":156,"column":51}},{"start":{"line":156,"column":4},"end":{"line":156,"column":51}}],"line":156},"17":{"loc":{"start":{"line":156,"column":8},"end":{"line":156,"column":37}},"type":"binary-expr","locations":[{"start":{"line":156,"column":8},"end":{"line":156,"column":15}},{"start":{"line":156,"column":19},"end":{"line":156,"column":37}}],"line":156},"18":{"loc":{"start":{"line":157,"column":4},"end":{"line":157,"column":39}},"type":"if","locations":[{"start":{"line":157,"column":4},"end":{"line":157,"column":39}},{"start":{"line":157,"column":4},"end":{"line":157,"column":39}}],"line":157},"19":{"loc":{"start":{"line":158,"column":4},"end":{"line":158,"column":51}},"type":"if","locations":[{"start":{"line":158,"column":4},"end":{"line":158,"column":51}},{"start":{"line":158,"column":4},"end":{"line":158,"column":51}}],"line":158},"20":{"loc":{"start":{"line":173,"column":4},"end":{"line":173,"column":27}},"type":"if","locations":[{"start":{"line":173,"column":4},"end":{"line":173,"column":27}},{"start":{"line":173,"column":4},"end":{"line":173,"column":27}}],"line":173}},"s":{"0":29,"1":29,"2":11,"3":11,"4":11,"5":11,"6":20,"7":3,"8":3,"9":3,"10":2,"11":2,"12":3,"13":24,"14":24,"15":8,"16":8,"17":16,"18":16,"19":24,"20":24,"21":4,"22":4,"23":2,"24":2,"25":2,"26":2,"27":4,"28":4,"29":2,"30":0,"31":2,"32":2,"33":2,"34":1,"35":1,"36":2,"37":2,"38":2,"39":2,"40":1,"41":1,"42":2,"43":3,"44":0,"45":3,"46":3,"47":3,"48":3,"49":2,"50":3,"51":2,"52":0,"53":2,"54":2,"55":2,"56":0,"57":2,"58":1,"59":1,"60":2,"61":2,"62":2,"63":2,"64":2,"65":0,"66":3,"67":0,"68":3,"69":1,"70":2,"71":1,"72":1,"73":1,"74":1,"75":1,"76":1,"77":1,"78":1,"79":0,"80":1,"81":1,"82":0,"83":0,"84":0,"85":0,"86":0,"87":0,"88":0,"89":2,"90":2,"91":2,"92":2,"93":1,"94":1,"95":7,"96":7,"97":7,"98":1,"99":1},"f":{"0":29,"1":11,"2":3,"3":24,"4":4,"5":2,"6":3,"7":2,"8":2,"9":3,"10":1,"11":2},"b":{"0":[4],"1":[5,5],"2":[8,16],"3":[2,2],"4":[0,2],"5":[1,1],"6":[0,3],"7":[2,1],"8":[0,2],"9":[2,2],"10":[0,2],"11":[2,0],"12":[0,3],"13":[3,3],"14":[1,2],"15":[1,1],"16":[0,1],"17":[1,1],"18":[1,0],"19":[0,0],"20":[1,1]},"_coverageSchema":"43e27e138ebf9cfc5966b082cf9a028302ed4184","hash":"99ef254d6af2262f2c23a87b674556b89d6a1399"}
}
