TN:
SF:/Users/jefflueck/Desktop/Springboard/Software_Engineer_Class/DSA-Exercises/dsa-arrays-linked-lists/linked-list.js
FN:4,(anonymous_0)
FN:13,(anonymous_1)
FN:22,(anonymous_2)
FN:35,(anonymous_3)
FN:50,(anonymous_4)
FN:65,(anonymous_5)
FN:85,(anonymous_6)
FN:98,(anonymous_7)
FN:115,(anonymous_8)
FN:139,(anonymous_9)
FN:155,(anonymous_10)
FN:169,(anonymous_11)
FNF:12
FNH:12
FNDA:29,(anonymous_0)
FNDA:11,(anonymous_1)
FNDA:3,(anonymous_2)
FNDA:24,(anonymous_3)
FNDA:4,(anonymous_4)
FNDA:2,(anonymous_5)
FNDA:3,(anonymous_6)
FNDA:2,(anonymous_7)
FNDA:2,(anonymous_8)
FNDA:3,(anonymous_9)
FNDA:1,(anonymous_10)
FNDA:2,(anonymous_11)
DA:5,29
DA:6,29
DA:14,11
DA:15,11
DA:16,11
DA:18,20
DA:23,3
DA:24,3
DA:26,3
DA:27,2
DA:28,2
DA:30,3
DA:36,24
DA:37,24
DA:38,8
DA:39,8
DA:41,16
DA:42,16
DA:44,24
DA:45,24
DA:51,4
DA:52,4
DA:53,2
DA:54,2
DA:56,2
DA:57,2
DA:59,4
DA:60,4
DA:66,2
DA:67,2
DA:68,2
DA:69,2
DA:70,1
DA:71,1
DA:73,2
DA:74,2
DA:75,2
DA:76,2
DA:77,1
DA:78,1
DA:80,2
DA:86,3
DA:87,3
DA:88,3
DA:89,3
DA:90,3
DA:91,2
DA:93,3
DA:99,2
DA:100,2
DA:101,2
DA:102,2
DA:103,0
DA:105,2
DA:106,1
DA:107,1
DA:109,2
DA:129,2
DA:130,2
DA:131,2
DA:132,2
DA:134,0
DA:140,3
DA:141,3
DA:142,2
DA:144,1
DA:145,1
DA:147,1
DA:148,1
DA:149,1
DA:150,1
DA:156,1
DA:157,1
DA:158,0
DA:160,0
DA:161,0
DA:162,0
DA:163,0
DA:164,0
DA:170,2
DA:171,2
DA:172,2
DA:173,2
DA:174,1
DA:175,7
DA:176,7
DA:177,7
DA:179,1
DA:183,1
LF:89
LH:81
BRDA:13,0,0,4
BRDA:26,1,0,5
BRDA:26,1,1,5
BRDA:37,2,0,8
BRDA:37,2,1,16
BRDA:52,3,0,2
BRDA:52,3,1,2
BRDA:66,4,0,0
BRDA:66,4,1,2
BRDA:76,5,0,1
BRDA:76,5,1,1
BRDA:86,6,0,0
BRDA:86,6,1,3
BRDA:90,7,0,2
BRDA:90,7,1,1
BRDA:99,8,0,0
BRDA:99,8,1,2
BRDA:99,9,0,2
BRDA:99,9,1,2
BRDA:102,10,0,0
BRDA:102,10,1,2
BRDA:130,11,0,2
BRDA:130,11,1,0
BRDA:140,12,0,0
BRDA:140,12,1,3
BRDA:140,13,0,3
BRDA:140,13,1,3
BRDA:141,14,0,1
BRDA:141,14,1,2
BRDA:142,15,0,1
BRDA:142,15,1,1
BRDA:156,16,0,0
BRDA:156,16,1,1
BRDA:156,17,0,1
BRDA:156,17,1,1
BRDA:157,18,0,1
BRDA:157,18,1,0
BRDA:158,19,0,0
BRDA:158,19,1,0
BRDA:173,20,0,1
BRDA:173,20,1,1
BRF:41
BRH:31
end_of_record
